<?xml version="1.0" encoding="UTF-8" standalone="yes"?><!DOCTYPE report PUBLIC "-//JACOCO//DTD Report 1.1//EN" "report.dtd"><report name="pbl5"><sessioninfo id="Mai-a22091a8" start="1765535399114" dump="1765535401866"/><sessioninfo id="Mai-a90c5e96" start="1766046589719" dump="1766046620834"/><sessioninfo id="Mai-d74e9d8e" start="1766046704230" dump="1766046740383"/><sessioninfo id="Mai-5d187320" start="1766046878551" dump="1766046909978"/><sessioninfo id="Mai-fd963e5f" start="1766047258811" dump="1766047262445"/></report>